  main.cpp
C:\Users\devel\Desktop\Getting Started\Getting Started\Demo\TextureDemo\TextureDemo\main.cpp(214,90): warning C4305: 'argument': truncation from 'double' to 'float'
C:\Users\devel\Desktop\Getting Started\Getting Started\Demo\TextureDemo\TextureDemo\main.cpp(215,94): warning C4305: 'argument': truncation from 'double' to 'float'
C:\Users\devel\Desktop\Getting Started\Getting Started\Demo\TextureDemo\TextureDemo\main.cpp(216,94): warning C4305: 'argument': truncation from 'double' to 'float'
C:\Users\devel\Desktop\Getting Started\Getting Started\Demo\TextureDemo\TextureDemo\main.cpp(217,94): warning C4305: 'argument': truncation from 'double' to 'float'
C:\Users\devel\Desktop\Getting Started\Getting Started\Demo\TextureDemo\TextureDemo\main.cpp(348,20): warning C4018: '<': signed/unsigned mismatch
C:\Users\devel\Desktop\Getting Started\Getting Started\Demo\TextureDemo\TextureDemo\main.cpp(358,25): warning C4018: '<': signed/unsigned mismatch
C:\Users\devel\Desktop\Getting Started\Getting Started\Demo\TextureDemo\TextureDemo\main.cpp(371,20): warning C4018: '<': signed/unsigned mismatch
C:\Users\devel\Desktop\Getting Started\Getting Started\Demo\TextureDemo\TextureDemo\main.cpp(373,21): warning C4018: '<': signed/unsigned mismatch
C:\Users\devel\Desktop\Getting Started\Getting Started\Demo\TextureDemo\TextureDemo\main.cpp(393,20): warning C4018: '<': signed/unsigned mismatch
C:\Users\devel\Desktop\Getting Started\Getting Started\Demo\TextureDemo\TextureDemo\main.cpp(407,20): warning C4018: '<': signed/unsigned mismatch
C:\Users\devel\Desktop\Getting Started\Getting Started\Demo\TextureDemo\TextureDemo\main.cpp(421,20): warning C4018: '<': signed/unsigned mismatch
C:\Users\devel\Desktop\Getting Started\Getting Started\Demo\TextureDemo\TextureDemo\main.cpp(430,20): warning C4018: '<': signed/unsigned mismatch
C:\Users\devel\Desktop\Getting Started\Getting Started\Demo\TextureDemo\TextureDemo\main.cpp(439,21): warning C4018: '<': signed/unsigned mismatch
  SOIL.lib(SOIL.obj) : MSIL .netmodule or module compiled with /GL found; restarting link with /LTCG; add /LTCG to the link command line to improve linker performance
LINK : warning LNK4075: ignoring '/INCREMENTAL' due to '/LTCG' specification
LINK : warning LNK4098: defaultlib 'LIBCMT' conflicts with use of other libs; use /NODEFAULTLIB:library
LINK : warning LNK4098: defaultlib 'MSVCRT' conflicts with use of other libs; use /NODEFAULTLIB:library
  Generating code
  Finished generating code
LINK : warning LNK4286: symbol '___glewBindBuffer' defined in 'glew32s.lib(glew.obj)' is imported by 'Shader.obj'
LINK : warning LNK4286: symbol '___glewBufferData' defined in 'glew32s.lib(glew.obj)' is imported by 'Shader.obj'
LINK : warning LNK4286: symbol '___glewGenBuffers' defined in 'glew32s.lib(glew.obj)' is imported by 'Shader.obj'
LINK : warning LNK4286: symbol '___glewAttachShader' defined in 'glew32s.lib(glew.obj)' is imported by 'Shader.obj'
LINK : warning LNK4286: symbol '___glewCompileShader' defined in 'glew32s.lib(glew.obj)' is imported by 'Shader.obj'
LINK : warning LNK4286: symbol '___glewCreateProgram' defined in 'glew32s.lib(glew.obj)' is imported by 'Shader.obj'
LINK : warning LNK4286: symbol '___glewCreateShader' defined in 'glew32s.lib(glew.obj)' is imported by 'Shader.obj'
LINK : warning LNK4286: symbol '___glewDeleteProgram' defined in 'glew32s.lib(glew.obj)' is imported by 'Shader.obj'
LINK : warning LNK4286: symbol '___glewDeleteShader' defined in 'glew32s.lib(glew.obj)' is imported by 'Shader.obj'
LINK : warning LNK4286: symbol '___glewEnableVertexAttribArray' defined in 'glew32s.lib(glew.obj)' is imported by 'Shader.obj'
LINK : warning LNK4286: symbol '___glewGetAttribLocation' defined in 'glew32s.lib(glew.obj)' is imported by 'Shader.obj'
LINK : warning LNK4286: symbol '___glewGetProgramiv' defined in 'glew32s.lib(glew.obj)' is imported by 'Shader.obj'
LINK : warning LNK4286: symbol '___glewGetShaderInfoLog' defined in 'glew32s.lib(glew.obj)' is imported by 'Shader.obj'
LINK : warning LNK4286: symbol '___glewGetShaderiv' defined in 'glew32s.lib(glew.obj)' is imported by 'Shader.obj'
LINK : warning LNK4286: symbol '___glewGetUniformLocation' defined in 'glew32s.lib(glew.obj)' is imported by 'Shader.obj'
LINK : warning LNK4286: symbol '___glewLinkProgram' defined in 'glew32s.lib(glew.obj)' is imported by 'Shader.obj'
LINK : warning LNK4286: symbol '___glewShaderSource' defined in 'glew32s.lib(glew.obj)' is imported by 'Shader.obj'
LINK : warning LNK4286: symbol '___glewUniform1f' defined in 'glew32s.lib(glew.obj)' is imported by 'Shader.obj'
LINK : warning LNK4286: symbol '___glewUniform1i' defined in 'glew32s.lib(glew.obj)' is imported by 'Shader.obj'
LINK : warning LNK4286: symbol '___glewUniform2f' defined in 'glew32s.lib(glew.obj)' is imported by 'Shader.obj'
LINK : warning LNK4286: symbol '___glewUniform3f' defined in 'glew32s.lib(glew.obj)' is imported by 'Shader.obj'
LINK : warning LNK4286: symbol '___glewUniform4f' defined in 'glew32s.lib(glew.obj)' is imported by 'Shader.obj'
LINK : warning LNK4286: symbol '___glewUniformMatrix4fv' defined in 'glew32s.lib(glew.obj)' is imported by 'Shader.obj'
LINK : warning LNK4286: symbol '___glewUseProgram' defined in 'glew32s.lib(glew.obj)' is imported by 'Shader.obj'
LINK : warning LNK4286: symbol '___glewVertexAttribPointer' defined in 'glew32s.lib(glew.obj)' is imported by 'Shader.obj'
LINK : warning LNK4286: symbol '_glewInit@0' defined in 'glew32s.lib(glew.obj)' is imported by 'Window.obj'
LINK : warning LNK4286: symbol '_glewGetErrorString@4' defined in 'glew32s.lib(glew.obj)' is imported by 'Window.obj'
LINK : warning LNK4286: symbol '_glewExperimental' defined in 'glew32s.lib(glew.obj)' is imported by 'Window.obj'
SOIL.lib(SOIL.obj) : warning LNK4099: PDB 'SOIL.pdb' was not found with 'SOIL.lib(SOIL.obj)' or at 'C:\Users\devel\Desktop\Getting Started\Getting Started\Demo\TextureDemo\Debug\SOIL.pdb'; linking object as if no debug info
SOIL.lib(image_helper.obj) : warning LNK4099: PDB 'SOIL.pdb' was not found with 'SOIL.lib(image_helper.obj)' or at 'C:\Users\devel\Desktop\Getting Started\Getting Started\Demo\TextureDemo\Debug\SOIL.pdb'; linking object as if no debug info
SOIL.lib(stb_image_aug.obj) : warning LNK4099: PDB 'SOIL.pdb' was not found with 'SOIL.lib(stb_image_aug.obj)' or at 'C:\Users\devel\Desktop\Getting Started\Getting Started\Demo\TextureDemo\Debug\SOIL.pdb'; linking object as if no debug info
SOIL.lib(image_DXT.obj) : warning LNK4099: PDB 'SOIL.pdb' was not found with 'SOIL.lib(image_DXT.obj)' or at 'C:\Users\devel\Desktop\Getting Started\Getting Started\Demo\TextureDemo\Debug\SOIL.pdb'; linking object as if no debug info
glew32s.lib(glew.obj) : warning LNK4099: PDB 'glew_static.pdb' was not found with 'glew32s.lib(glew.obj)' or at 'C:\Users\devel\Desktop\Getting Started\Getting Started\Demo\TextureDemo\Debug\glew_static.pdb'; linking object as if no debug info
  TextureDemo.vcxproj -> C:\Users\devel\Desktop\Getting Started\Getting Started\Demo\TextureDemo\Debug\TextureDemo.exe
